<?xml version="1.0" encoding="UTF-8"?>
<!-- Generated by org.testng.reporters.JUnitXMLReporter -->
<testsuite ignored="0" hostname="Andrea" failures="0" tests="5" name="Surefire test" time="73.993" errors="0" timestamp="2024-11-23T18:22:39 BRT">
  <testcase classname="tests.TestBase" name="testHomePageTitle" time="0.084"/>
  <testcase classname="tests.TestLogin" name="TestFluxoLogin" time="2.45"/>
  <testcase classname="tests.TestLoja" name="testFluxoLoja" time="19.968"/>
  <testcase classname="tests.TestBase" name="testHomePageTitle" time="1.517"/>
  <testcase classname="tests.TestRegister" name="registerUser" time="18.548"/>
</testsuite> <!-- Surefire test -->
