<?xml version="1.0" encoding="UTF-8"?>
<!-- Generated by org.testng.reporters.JUnitXMLReporter -->
<testsuite ignored="0" hostname="Andrea" failures="0" tests="4" name="Surefire test" time="101.178" errors="0" timestamp="2024-11-22T23:12:15 BRT">
  <testcase classname="tests.TestBase" name="testHomePageTitle" time="0.142"/>
  <testcase classname="tests.TestLoja" name="testFluxoLoja" time="25.994"/>
  <testcase classname="tests.TestBase" name="testHomePageTitle" time="0.083"/>
  <testcase classname="tests.TestRegister" name="registerUser" time="21.269"/>
</testsuite> <!-- Surefire test -->
