<?xml version="1.0" encoding="UTF-8"?>
<testng-results ignored="0" total="4" passed="4" failed="0" skipped="0">
  <reporter-output>
  </reporter-output>
  <suite started-at="2024-11-22T23:10:34 BRT" name="Surefire suite" finished-at="2024-11-22T23:12:15 BRT" duration-ms="101178">
    <groups>
    </groups>
    <test started-at="2024-11-22T23:10:34 BRT" name="Surefire test" finished-at="2024-11-22T23:12:15 BRT" duration-ms="101178">
      <class name="tests.TestBase">
        <test-method is-config="true" signature="setUp()[pri:0, instance:tests.TestBase@117159c0]" started-at="2024-11-22T23:10:34 BRT" name="setUp" finished-at="2024-11-22T23:10:50 BRT" duration-ms="15295" status="PASS">
          <reporter-output>
          </reporter-output>
        </test-method> <!-- setUp -->
        <test-method signature="testHomePageTitle()[pri:0, instance:tests.TestBase@117159c0]" started-at="2024-11-22T23:10:50 BRT" name="testHomePageTitle" finished-at="2024-11-22T23:10:50 BRT" duration-ms="142" status="PASS">
          <reporter-output>
          </reporter-output>
        </test-method> <!-- testHomePageTitle -->
        <test-method is-config="true" signature="tearDown()[pri:0, instance:tests.TestBase@117159c0]" started-at="2024-11-22T23:10:50 BRT" name="tearDown" finished-at="2024-11-22T23:10:52 BRT" duration-ms="1420" status="PASS">
          <reporter-output>
          </reporter-output>
        </test-method> <!-- tearDown -->
      </class> <!-- tests.TestBase -->
      <class name="tests.TestRegister">
        <test-method is-config="true" signature="setUp()[pri:0, instance:tests.TestRegister@7ef82753]" started-at="2024-11-22T23:11:29 BRT" name="setUp" finished-at="2024-11-22T23:11:41 BRT" duration-ms="11304" status="PASS">
          <reporter-output>
          </reporter-output>
        </test-method> <!-- setUp -->
        <test-method signature="testHomePageTitle()[pri:0, instance:tests.TestRegister@7ef82753]" started-at="2024-11-22T23:11:41 BRT" name="testHomePageTitle" finished-at="2024-11-22T23:11:41 BRT" duration-ms="83" status="PASS">
          <reporter-output>
          </reporter-output>
        </test-method> <!-- testHomePageTitle -->
        <test-method is-config="true" signature="tearDown()[pri:0, instance:tests.TestRegister@7ef82753]" started-at="2024-11-22T23:11:41 BRT" name="tearDown" finished-at="2024-11-22T23:11:42 BRT" duration-ms="1205" status="PASS">
          <reporter-output>
          </reporter-output>
        </test-method> <!-- tearDown -->
        <test-method is-config="true" signature="setUp()[pri:0, instance:tests.TestRegister@7ef82753]" started-at="2024-11-22T23:11:42 BRT" name="setUp" finished-at="2024-11-22T23:11:50 BRT" duration-ms="8449" status="PASS">
          <reporter-output>
          </reporter-output>
        </test-method> <!-- setUp -->
        <test-method signature="registerUser()[pri:0, instance:tests.TestRegister@7ef82753]" started-at="2024-11-22T23:11:50 BRT" name="registerUser" finished-at="2024-11-22T23:12:12 BRT" duration-ms="21269" status="PASS">
          <reporter-output>
          </reporter-output>
        </test-method> <!-- registerUser -->
        <test-method is-config="true" signature="tearDown()[pri:0, instance:tests.TestRegister@7ef82753]" started-at="2024-11-22T23:12:12 BRT" name="tearDown" finished-at="2024-11-22T23:12:15 BRT" duration-ms="3632" status="PASS">
          <reporter-output>
          </reporter-output>
        </test-method> <!-- tearDown -->
      </class> <!-- tests.TestRegister -->
      <class name="tests.TestLoja">
        <test-method is-config="true" signature="setUp()[pri:0, instance:tests.TestLoja@3e27ba32]" started-at="2024-11-22T23:10:52 BRT" name="setUp" finished-at="2024-11-22T23:11:02 BRT" duration-ms="10764" status="PASS">
          <reporter-output>
          </reporter-output>
        </test-method> <!-- setUp -->
        <test-method signature="testFluxoLoja()[pri:0, instance:tests.TestLoja@3e27ba32]" started-at="2024-11-22T23:11:02 BRT" name="testFluxoLoja" finished-at="2024-11-22T23:11:28 BRT" duration-ms="25994" status="PASS">
          <reporter-output>
          </reporter-output>
        </test-method> <!-- testFluxoLoja -->
        <test-method is-config="true" signature="tearDown()[pri:0, instance:tests.TestLoja@3e27ba32]" started-at="2024-11-22T23:11:28 BRT" name="tearDown" finished-at="2024-11-22T23:11:29 BRT" duration-ms="977" status="PASS">
          <reporter-output>
          </reporter-output>
        </test-method> <!-- tearDown -->
      </class> <!-- tests.TestLoja -->
    </test> <!-- Surefire test -->
  </suite> <!-- Surefire suite -->
</testng-results>
