<?xml version="1.0" encoding="UTF-8"?>
<testng-results ignored="0" total="5" passed="5" failed="0" skipped="0">
  <reporter-output>
  </reporter-output>
  <suite started-at="2024-11-23T18:21:25 BRT" name="Surefire suite" finished-at="2024-11-23T18:22:39 BRT" duration-ms="73993">
    <groups>
    </groups>
    <test started-at="2024-11-23T18:21:25 BRT" name="Surefire test" finished-at="2024-11-23T18:22:39 BRT" duration-ms="73993">
      <class name="tests.TestBase">
        <test-method is-config="true" signature="setUp()[pri:0, instance:tests.TestBase@1ca3b418]" started-at="2024-11-23T18:21:25 BRT" name="setUp" finished-at="2024-11-23T18:21:32 BRT" duration-ms="7531" status="PASS">
          <reporter-output>
          </reporter-output>
        </test-method> <!-- setUp -->
        <test-method signature="testHomePageTitle()[pri:0, instance:tests.TestBase@1ca3b418]" started-at="2024-11-23T18:21:32 BRT" name="testHomePageTitle" finished-at="2024-11-23T18:21:32 BRT" duration-ms="84" status="PASS">
          <reporter-output>
          </reporter-output>
        </test-method> <!-- testHomePageTitle -->
        <test-method is-config="true" signature="tearDown()[pri:0, instance:tests.TestBase@1ca3b418]" started-at="2024-11-23T18:21:33 BRT" name="tearDown" finished-at="2024-11-23T18:21:33 BRT" duration-ms="407" status="PASS">
          <reporter-output>
          </reporter-output>
        </test-method> <!-- tearDown -->
      </class> <!-- tests.TestBase -->
      <class name="tests.TestRegister">
        <test-method is-config="true" signature="setUp()[pri:0, instance:tests.TestRegister@75d3a5e0]" started-at="2024-11-23T18:22:11 BRT" name="setUp" finished-at="2024-11-23T18:22:13 BRT" duration-ms="2690" status="PASS">
          <reporter-output>
          </reporter-output>
        </test-method> <!-- setUp -->
        <test-method signature="testHomePageTitle()[pri:0, instance:tests.TestRegister@75d3a5e0]" started-at="2024-11-23T18:22:13 BRT" name="testHomePageTitle" finished-at="2024-11-23T18:22:15 BRT" duration-ms="1517" status="PASS">
          <reporter-output>
          </reporter-output>
        </test-method> <!-- testHomePageTitle -->
        <test-method is-config="true" signature="tearDown()[pri:0, instance:tests.TestRegister@75d3a5e0]" started-at="2024-11-23T18:22:15 BRT" name="tearDown" finished-at="2024-11-23T18:22:15 BRT" duration-ms="393" status="PASS">
          <reporter-output>
          </reporter-output>
        </test-method> <!-- tearDown -->
        <test-method is-config="true" signature="setUp()[pri:0, instance:tests.TestRegister@75d3a5e0]" started-at="2024-11-23T18:22:15 BRT" name="setUp" finished-at="2024-11-23T18:22:19 BRT" duration-ms="4010" status="PASS">
          <reporter-output>
          </reporter-output>
        </test-method> <!-- setUp -->
        <test-method signature="registerUser()[pri:0, instance:tests.TestRegister@75d3a5e0]" started-at="2024-11-23T18:22:19 BRT" name="registerUser" description="Teste de registro de usuário com preenchimento completo do formulário" finished-at="2024-11-23T18:22:38 BRT" duration-ms="18548" status="PASS">
          <reporter-output>
          </reporter-output>
        </test-method> <!-- registerUser -->
        <test-method is-config="true" signature="tearDown()[pri:0, instance:tests.TestRegister@75d3a5e0]" started-at="2024-11-23T18:22:38 BRT" name="tearDown" finished-at="2024-11-23T18:22:39 BRT" duration-ms="836" status="PASS">
          <reporter-output>
          </reporter-output>
        </test-method> <!-- tearDown -->
      </class> <!-- tests.TestRegister -->
      <class name="tests.TestLogin">
        <test-method is-config="true" signature="setUp()[pri:0, instance:tests.TestLogin@58cbafc2]" started-at="2024-11-23T18:21:33 BRT" name="setUp" finished-at="2024-11-23T18:21:38 BRT" duration-ms="4593" status="PASS">
          <reporter-output>
          </reporter-output>
        </test-method> <!-- setUp -->
        <test-method signature="TestFluxoLogin()[pri:0, instance:tests.TestLogin@58cbafc2]" started-at="2024-11-23T18:21:38 BRT" name="TestFluxoLogin" description="Teste de fluxo de login" finished-at="2024-11-23T18:21:40 BRT" duration-ms="2450" status="PASS">
          <reporter-output>
          </reporter-output>
        </test-method> <!-- TestFluxoLogin -->
        <test-method is-config="true" signature="tearDown()[pri:0, instance:tests.TestLogin@58cbafc2]" started-at="2024-11-23T18:21:40 BRT" name="tearDown" finished-at="2024-11-23T18:21:40 BRT" duration-ms="358" status="PASS">
          <reporter-output>
          </reporter-output>
        </test-method> <!-- tearDown -->
      </class> <!-- tests.TestLogin -->
      <class name="tests.TestLoja">
        <test-method is-config="true" signature="setUp()[pri:0, instance:tests.TestLoja@2034b64c]" started-at="2024-11-23T18:21:40 BRT" name="setUp" finished-at="2024-11-23T18:21:50 BRT" duration-ms="9661" status="PASS">
          <reporter-output>
          </reporter-output>
        </test-method> <!-- setUp -->
        <test-method signature="testFluxoLoja()[pri:0, instance:tests.TestLoja@2034b64c]" started-at="2024-11-23T18:21:50 BRT" name="testFluxoLoja" description="Teste do fluxo completo na loja: da navegação ao checkout" finished-at="2024-11-23T18:22:10 BRT" duration-ms="19968" status="PASS">
          <reporter-output>
          </reporter-output>
        </test-method> <!-- testFluxoLoja -->
        <test-method is-config="true" signature="tearDown()[pri:0, instance:tests.TestLoja@2034b64c]" started-at="2024-11-23T18:22:10 BRT" name="tearDown" finished-at="2024-11-23T18:22:11 BRT" duration-ms="574" status="PASS">
          <reporter-output>
          </reporter-output>
        </test-method> <!-- tearDown -->
      </class> <!-- tests.TestLoja -->
    </test> <!-- Surefire test -->
  </suite> <!-- Surefire suite -->
</testng-results>
